
< Summary of Analysis on BIOMT lines >
Total    2 files,    2 types of rotations,    0 too severe error files

< Classification >
(Rotation type and PDB ID (sequential number of the file))

< Type   1 >
angle =     0.0
x     =   0.000
y     =   0.000
z     =   0.000
angle =    72.0   72.0   72.0   72.0   72.0   72.0   72.0   72.0   72.0   72.0
x     =  -0.851 -0.851 -0.526 -0.526  0.000 -0.000 -0.000  0.000  0.526  0.526
y     =  -0.526  0.526  0.000 -0.000 -0.851 -0.851  0.851  0.851 -0.000  0.000
z     =   0.000 -0.000 -0.851  0.851 -0.526  0.526 -0.526  0.526 -0.851  0.851
angle =    72.0   72.0
x     =   0.851  0.851
y     =  -0.526  0.526
z     =  -0.000  0.000
angle =   120.0  120.0  120.0  120.0  120.0  120.0  120.0  120.0  120.0  120.0
x     =  -0.934 -0.934 -0.577 -0.577 -0.577 -0.577 -0.357 -0.357  0.000 -0.000
y     =   0.000 -0.000 -0.577 -0.577  0.577  0.577 -0.934  0.934 -0.357 -0.357
z     =  -0.357  0.357 -0.577  0.577 -0.577  0.577  0.000 -0.000 -0.934  0.934
angle =   120.0  120.0  120.0  120.0  120.0  120.0  120.0  120.0  120.0  120.0
x     =  -0.000  0.000  0.357  0.357  0.577  0.577  0.577  0.577  0.934  0.934
y     =   0.357  0.357 -0.934  0.934 -0.577 -0.577  0.577  0.577 -0.000  0.000
z     =  -0.934  0.934 -0.000  0.000 -0.577  0.577 -0.577  0.577 -0.357  0.357
angle =   144.0  144.0  144.0  144.0  144.0  144.0  144.0  144.0  144.0  144.0
x     =  -0.851 -0.851 -0.526 -0.526 -0.000  0.000  0.000 -0.000  0.526  0.526
y     =  -0.526  0.526 -0.000  0.000 -0.851 -0.851  0.851  0.851  0.000 -0.000
z     =  -0.000  0.000 -0.851  0.851 -0.526  0.526 -0.526  0.526 -0.851  0.851
angle =   144.0  144.0
x     =   0.851  0.851
y     =  -0.526  0.526
z     =   0.000 -0.000
angle =   180.0  180.0  180.0  180.0  180.0  180.0  180.0  180.0  180.0  180.0
x     =   0.000  0.000  0.309  0.309  0.309  0.309  0.500  0.500  0.500  0.500
y     =   0.000  1.000 -0.500 -0.500  0.500  0.500 -0.809 -0.809  0.809  0.809
z     =   1.000  0.000 -0.809  0.809 -0.809  0.809 -0.309  0.309 -0.309  0.309
angle =   180.0  180.0  180.0  180.0  180.0
x     =   0.809  0.809  0.809  0.809  1.000
y     =  -0.309 -0.309  0.309  0.309  0.000
z     =  -0.500  0.500 -0.500  0.500  0.000
4RHV(  1) 1st, 2nd, 3rd major cells =  0(80%)  1(16%) 10( 2%)


< Type   2 >
angle =     0.0
x     =   0.000
y     =   0.000
z     =   0.000
angle =    72.0   72.0   72.0   72.0   72.0   72.0   72.0   72.0   72.0   72.0
x     =  -0.851 -0.851 -0.526 -0.526 -0.000  0.000  0.000 -0.000  0.526  0.526
y     =  -0.000  0.000 -0.851  0.851 -0.526 -0.526  0.526  0.526 -0.851  0.851
z     =  -0.526  0.526 -0.000  0.000 -0.851  0.851 -0.851  0.851  0.000 -0.000
angle =    72.0   72.0
x     =   0.851  0.851
y     =   0.000 -0.000
z     =  -0.526  0.526
angle =   120.0  120.0  120.0  120.0  120.0  120.0  120.0  120.0  120.0  120.0
x     =  -0.934 -0.934 -0.577 -0.577 -0.577 -0.577 -0.357 -0.357 -0.000  0.000
y     =  -0.357  0.357 -0.577 -0.577  0.577  0.577 -0.000  0.000 -0.934 -0.934
z     =  -0.000  0.000 -0.577  0.577 -0.577  0.577 -0.934  0.934 -0.357  0.357
angle =   120.0  120.0  120.0  120.0  120.0  120.0  120.0  120.0  120.0  120.0
x     =   0.000 -0.000  0.357  0.357  0.577  0.577  0.577  0.577  0.934  0.934
y     =   0.934  0.934  0.000 -0.000 -0.577 -0.577  0.577  0.577 -0.357  0.357
z     =  -0.357  0.357 -0.934  0.934 -0.577  0.577 -0.577  0.577  0.000 -0.000
angle =   144.0  144.0  144.0  144.0  144.0  144.0  144.0  144.0  144.0  144.0
x     =  -0.851 -0.851 -0.526 -0.526  0.000 -0.000 -0.000  0.000  0.526  0.526
y     =   0.000 -0.000 -0.851  0.851 -0.526 -0.526  0.526  0.526 -0.851  0.851
z     =  -0.526  0.526  0.000 -0.000 -0.851  0.851 -0.851  0.851 -0.000  0.000
angle =   144.0  144.0
x     =   0.851  0.851
y     =  -0.000  0.000
z     =  -0.526  0.526
angle =   180.0  180.0  180.0  180.0  180.0  180.0  180.0  180.0  180.0  180.0
x     =   0.000  0.000  0.309  0.309  0.309  0.309  0.500  0.500  0.500  0.500
y     =   0.000  1.000 -0.809 -0.809  0.809  0.809 -0.309 -0.309  0.309  0.309
z     =   1.000  0.000 -0.500  0.500 -0.500  0.500 -0.809  0.809 -0.809  0.809
angle =   180.0  180.0  180.0  180.0  180.0
x     =   0.809  0.809  0.809  0.809  1.000
y     =  -0.500 -0.500  0.500  0.500  0.000
z     =  -0.309  0.309 -0.309  0.309  0.000
2PLV(  2) 1st, 2nd, 3rd major cells =  0(79%)  1(16%) 10( 2%)

